<?xml version="1.0" encoding="UTF-8"?>
<!-- Generated by org.testng.reporters.JUnitReportReporter -->
<testsuite hostname="DESKTOP-U4N34CQ" failures="0" tests="3" name="com.app.TestNG1.BeforeAfterclass" time="4.156" errors="0" timestamp="2023-10-05T17:10:52 IST" skipped="0">
  <testcase classname="com.app.TestNG1.BeforeAfterclass" name="GetTitle" time="0.011"/>
  <system-out/>
  <testcase classname="com.app.TestNG1.BeforeAfterclass" name="login" time="2.336"/>
  <system-out/>
  <testcase classname="com.app.TestNG1.BeforeAfterclass" name="logout" time="1.809"/>
  <system-out/>
</testsuite> <!-- com.app.TestNG1.BeforeAfterclass -->
