<?xml version="1.0" encoding="UTF-8"?>
<!-- Generated by org.testng.reporters.JUnitReportReporter -->
<testsuite hostname="DESKTOP-U4N34CQ" failures="0" tests="1" name="com.app.TestNg.ExtendReport.SetUpCheck" time="0.580" errors="0" timestamp="2023-10-06T10:13:28 IST" skipped="0">
  <testcase classname="com.app.TestNg.ExtendReport.SetUpCheck" name="extenddemo" time="0.580"/>
  <system-out/>
</testsuite> <!-- com.app.TestNg.ExtendReport.SetUpCheck -->
