<?xml version="1.0" encoding="UTF-8"?>
<!-- Generated by org.testng.reporters.JUnitReportReporter -->
<testsuite hostname="DESKTOP-U4N34CQ" failures="0" tests="3" name="com.app.TestNG1.BeforeAftermethod2" time="21.663" errors="0" timestamp="2023-10-05T11:15:26 IST" skipped="0">
  <testcase classname="com.app.TestNG1.BeforeAftermethod2" name="logout" time="10.639"/>
  <system-out/>
  <testcase classname="com.app.TestNG1.BeforeAftermethod2" name="login" time="6.513"/>
  <system-out/>
  <testcase classname="com.app.TestNG1.BeforeAftermethod2" name="GetTite" time="4.511"/>
  <system-out/>
</testsuite> <!-- com.app.TestNG1.BeforeAftermethod2 -->
