<?xml version="1.0" encoding="UTF-8"?>
<!-- Generated by org.testng.reporters.JUnitReportReporter -->
<testsuite hostname="DESKTOP-U4N34CQ" failures="0" tests="6" name="com.app.TestNG1.TestAnnotation" time="53.078" errors="0" timestamp="2023-10-06T09:33:18 IST" skipped="0">
  <testcase classname="com.app.TestNG1.TestAnnotation" name="GetTite" time="11.598"/>
  <system-out/>
  <testcase classname="com.app.TestNG1.TestAnnotation" name="logout" time="14.482"/>
  <system-out/>
  <testcase classname="com.app.TestNG1.TestAnnotation" name="login" time="6.967"/>
  <system-out/>
  <testcase classname="com.app.TestNG1.TestAnnotation" name="logout" time="8.431"/>
  <system-out/>
  <testcase classname="com.app.TestNG1.TestAnnotation" name="GetTite" time="4.446"/>
  <system-out/>
  <testcase classname="com.app.TestNG1.TestAnnotation" name="login" time="7.154"/>
  <system-out/>
</testsuite> <!-- com.app.TestNG1.TestAnnotation -->
