<?xml version="1.0" encoding="UTF-8"?>
<!-- Generated by org.testng.reporters.JUnitReportReporter -->
<testsuite hostname="DESKTOP-U4N34CQ" failures="0" tests="1" name="com.app.SeleniumGRID.GRIDstandalonedemo" time="8.290" errors="0" timestamp="2023-10-09T11:42:16 IST" skipped="0">
  <testcase classname="com.app.SeleniumGRID.GRIDstandalonedemo" name="GridDemo1" time="8.290"/>
  <system-out/>
</testsuite> <!-- com.app.SeleniumGRID.GRIDstandalonedemo -->
