<?xml version="1.0" encoding="UTF-8"?>
<!-- Generated by org.testng.reporters.JUnitReportReporter -->
<testsuite hostname="DESKTOP-U4N34CQ" failures="0" tests="7" name="datadrivendemo.WikiCreateAccount" time="17.609" errors="0" timestamp="2023-10-08T13:52:06 IST" skipped="0">
  <testcase classname="datadrivendemo.WikiCreateAccount" name="CreateAccount" time="2.455"/>
  <system-out/>
  <testcase classname="datadrivendemo.WikiCreateAccount" name="CreateAccount" time="2.481"/>
  <system-out/>
  <testcase classname="datadrivendemo.WikiCreateAccount" name="CreateAccount" time="2.525"/>
  <system-out/>
  <testcase classname="datadrivendemo.WikiCreateAccount" name="CreateAccount" time="2.478"/>
  <system-out/>
  <testcase classname="datadrivendemo.WikiCreateAccount" name="CreateAccount" time="2.727"/>
  <system-out/>
  <testcase classname="datadrivendemo.WikiCreateAccount" name="CreateAccount" time="2.478"/>
  <system-out/>
  <testcase classname="datadrivendemo.WikiCreateAccount" name="CreateAccount" time="2.465"/>
  <system-out/>
</testsuite> <!-- datadrivendemo.WikiCreateAccount -->
