<?xml version="1.0" encoding="UTF-8"?>
<!-- Generated by org.testng.reporters.JUnitReportReporter -->
<testsuite hostname="DESKTOP-U4N34CQ" failures="0" tests="1" name="com.app.TestNG1.SoftAssertiondemo" time="0.474" errors="0" timestamp="2023-10-07T13:41:04 IST" skipped="0">
  <testcase classname="com.app.TestNG1.SoftAssertiondemo" name="GetTitle" time="0.474"/>
  <system-out/>
</testsuite> <!-- com.app.TestNG1.SoftAssertiondemo -->
