<?xml version="1.0" encoding="UTF-8"?>
<!-- Generated by org.testng.reporters.JUnitReportReporter -->
<testsuite hostname="DESKTOP-U4N34CQ" failures="0" tests="1" name="com.app.TestNg.ExtendReport.Extenteportdemo2" time="3.187" errors="0" timestamp="2023-10-07T12:59:24 IST" skipped="0">
  <testcase classname="com.app.TestNg.ExtendReport.Extenteportdemo2" name="extentdemo2" time="3.187"/>
  <system-out/>
</testsuite> <!-- com.app.TestNg.ExtendReport.Extenteportdemo2 -->
