<?xml version="1.0" encoding="UTF-8"?>
<!-- Generated by org.testng.reporters.JUnitReportReporter -->
<testsuite hostname="DESKTOP-U4N34CQ" failures="0" tests="2" name="com.app.TestNG1.BeforeAfterMethod" time="0.019" errors="0" timestamp="2023-10-06T09:13:18 IST" skipped="0">
  <testcase classname="com.app.TestNG1.BeforeAfterMethod" name="delete" time="0.006"/>
  <system-out/>
  <testcase classname="com.app.TestNG1.BeforeAfterMethod" name="composeEmail" time="0.013"/>
  <system-out/>
</testsuite> <!-- com.app.TestNG1.BeforeAfterMethod -->
